"D:/GameJam/Ghosties/RewindGunfight/Content/FirstPerson/Character/Textures/UE4_Mannequin__normals.uasset" 0
"../../../Engine/Content/Functions/Engine_MaterialFunctions02/HueShift.uasset" 1
"D:/GameJam/Ghosties/RewindGunfight/Content/FirstPerson/FPWeapon/Materials/MaterialLayers/T_ML_Aluminum01.uasset" 2
"D:/GameJam/Ghosties/RewindGunfight/Content/FirstPerson/Character/Materials/MaterialLayers/T_ML_Aluminum01.uasset" 3
"D:/GameJam/Ghosties/RewindGunfight/Content/Assets/Materials/CelShader.uasset" 4
"D:/GameJam/Ghosties/RewindGunfight/Content/Assets/Textures/IMG_0435.uasset" 5
"D:/GameJam/Ghosties/RewindGunfight/Content/Assets/Materials/CelShader_Inst.uasset" 6
"D:/GameJam/Ghosties/RewindGunfight/Content/Assets/Materials/CelShader_Inst_Inst.uasset" 7
"D:/GameJam/Ghosties/RewindGunfight/Content/Assets/Materials/IMG_0441.uasset" 8
"D:/GameJam/Ghosties/RewindGunfight/Content/Assets/Materials/Outline.uasset" 9
"D:/GameJam/Ghosties/RewindGunfight/Content/Assets/Materials/Outline_Inst1.uasset" 10
"../../../Engine/Content/EngineMaterials/T_Default_Material_Grid_N.uasset" 11
"../../../Engine/Content/EngineMaterials/T_Default_Material_Grid_M.uasset" 12
"../../../Engine/Content/Functions/Engine_MaterialFunctions01/Opacity/CameraDepthFade.uasset" 13
"../../../Engine/Content/EngineMaterials/WorldGridMaterial.uasset" 14
"D:/GameJam/Ghosties/RewindGunfight/Content/Assets/Meshes/Colosseum/colosseum_pCube28.uasset" 15
"D:/GameJam/Ghosties/RewindGunfight/Content/Assets/Meshes/Colosseum/colosseum_polySurface52.uasset" 16
"D:/GameJam/Ghosties/RewindGunfight/Content/Assets/Meshes/Colosseum/colosseum_polySurface53.uasset" 17
"D:/GameJam/Ghosties/RewindGunfight/Content/Assets/Meshes/Colosseum/colosseum_polySurface54.uasset" 18
"D:/GameJam/Ghosties/RewindGunfight/Content/Assets/Meshes/Colosseum/colosseum_polySurface55.uasset" 19
"D:/GameJam/Ghosties/RewindGunfight/Content/Assets/Meshes/Colosseum/colosseum_polySurface56.uasset" 20
"D:/GameJam/Ghosties/RewindGunfight/Content/Assets/Meshes/Colosseum/colosseum_pTorus1.uasset" 21
"D:/GameJam/Ghosties/RewindGunfight/Content/Assets/Meshes/Colosseum/colosseum_pTorus2.uasset" 22
"D:/GameJam/Ghosties/RewindGunfight/Content/Assets/Meshes/Colosseum/colosseum_pTorus3.uasset" 23
"D:/GameJam/Ghosties/RewindGunfight/Content/Assets/Textures/IMG_0424.uasset" 24
"D:/GameJam/Ghosties/RewindGunfight/Content/Assets/Textures/IMG_0426.uasset" 25
"D:/GameJam/Ghosties/RewindGunfight/Content/Assets/Textures/IMG_0437.uasset" 26
"D:/GameJam/Ghosties/RewindGunfight/Content/Audio/Pew.uasset" 27
"../../../Engine/Content/EditorBlueprintResources/StandardMacros.uasset" 28
"D:/GameJam/Ghosties/RewindGunfight/Content/FirstPerson/Character/Mesh/SK_Mannequin_Arms_Skeleton.uasset" 29
"D:/GameJam/Ghosties/RewindGunfight/Content/FirstPerson/Animations/FirstPerson_Run.uasset" 30
"D:/GameJam/Ghosties/RewindGunfight/Content/FirstPerson/Animations/FirstPerson_JumpStart.uasset" 31
"D:/GameJam/Ghosties/RewindGunfight/Content/FirstPerson/Animations/FirstPerson_JumpLoop.uasset" 32
"D:/GameJam/Ghosties/RewindGunfight/Content/FirstPerson/Animations/FirstPerson_JumpEnd.uasset" 33
"D:/GameJam/Ghosties/RewindGunfight/Content/FirstPerson/Animations/FirstPerson_Idle.uasset" 34
"D:/GameJam/Ghosties/RewindGunfight/Content/FirstPerson/Animations/FirstPerson_AnimBP.uasset" 35
"D:/GameJam/Ghosties/RewindGunfight/Content/FirstPerson/Character/Mesh/FirstPersonAnimBlueprint_Copy.uasset" 36
"D:/GameJam/Ghosties/RewindGunfight/Content/FirstPerson/Character/Textures/UE4_LOGO_CARD.uasset" 37
"D:/GameJam/Ghosties/RewindGunfight/Content/FirstPerson/FPWeapon/Materials/MaterialLayers/ML_Plastic_Shiny_Beige_LOGO.uasset" 38
"D:/GameJam/Ghosties/RewindGunfight/Content/FirstPerson/FPWeapon/Materials/MaterialLayers/T_ML_FineRubber.uasset" 39
"D:/GameJam/Ghosties/RewindGunfight/Content/FirstPerson/FPWeapon/Mesh/SK_FPGun_PhysicsAsset.uasset" 40
"D:/GameJam/Ghosties/RewindGunfight/Content/FirstPersonBP/FalloutVolume.uasset" 41
"D:/GameJam/Ghosties/RewindGunfight/Content/FirstPersonBP/FirstPersonOverview.uasset" 42
"D:/GameJam/Ghosties/RewindGunfight/Content/FirstPersonBP/Blueprints/Shake.uasset" 43
"../../../Engine/Content/Tutorial/SubEditors/TutorialAssets/Character/TutorialTPP_Mat.uasset" 44
"../../../Engine/Content/Tutorial/SubEditors/TutorialAssets/Character/TutorialTPP_PhysicsAsset.uasset" 45
"../../../Engine/Content/Tutorial/SubEditors/TutorialAssets/Character/TutorialTPP_Skeleton.uasset" 46
"../../../Engine/Content/Tutorial/SubEditors/TutorialAssets/Character/TutorialTPP.uasset" 47
"../../../Engine/Content/EngineMaterials/DefaultMaterial.uasset" 48
"../../../Engine/Content/BasicShapes/Sphere.uasset" 49
"../../../Engine/Content/BasicShapes/BasicShapeMaterial.uasset" 50
"D:/GameJam/Ghosties/RewindGunfight/Content/FirstPersonBP/Blueprints/Enemy/PlayerContext.uasset" 51
"D:/GameJam/Ghosties/RewindGunfight/Content/FirstPersonBP/Blueprints/Enemy/FindPlayer.uasset" 52
"D:/GameJam/Ghosties/RewindGunfight/Content/FirstPersonBP/Blueprints/Enemy/FocusAndShoot.uasset" 53
"D:/GameJam/Ghosties/RewindGunfight/Content/FirstPersonBP/Blueprints/Enemy/Enemy_BB.uasset" 54
"D:/GameJam/Ghosties/RewindGunfight/Content/FirstPersonBP/Blueprints/Enemy/Enemy_BT.uasset" 55
"D:/GameJam/Ghosties/RewindGunfight/Content/FirstPersonBP/Blueprints/Enemy/Enemy_AI.uasset" 56
"D:/GameJam/Ghosties/RewindGunfight/Content/FirstPerson/Meshes/BaseMaterial.uasset" 57
"D:/GameJam/Ghosties/RewindGunfight/Content/FirstPerson/Meshes/FirstPersonProjectileMaterial.uasset" 58
"D:/GameJam/Ghosties/RewindGunfight/Content/FirstPerson/Meshes/FirstPersonProjectileMesh.uasset" 59
"D:/GameJam/Ghosties/RewindGunfight/Content/Assets/Materials/EnemyBullet.uasset" 60
"D:/GameJam/Ghosties/RewindGunfight/Content/FirstPersonBP/Blueprints/EnemyProjectile.uasset" 61
"D:/GameJam/Ghosties/RewindGunfight/Content/FirstPerson/FPWeapon/Mesh/SK_FPGun_Skeleton.uasset" 62
"D:/GameJam/Ghosties/RewindGunfight/Content/FirstPerson/FPWeapon/Textures/T_FPGun_N.uasset" 63
"D:/GameJam/Ghosties/RewindGunfight/Content/FirstPerson/FPWeapon/Textures/T_FPGun_M.uasset" 64
"D:/GameJam/Ghosties/RewindGunfight/Content/FirstPerson/FPWeapon/Materials/MaterialLayers/T_ML_Aluminum01_N.uasset" 65
"D:/GameJam/Ghosties/RewindGunfight/Content/FirstPerson/FPWeapon/Materials/MaterialLayers/ML_SoftMetal_UE4.uasset" 66
"D:/GameJam/Ghosties/RewindGunfight/Content/FirstPerson/FPWeapon/Materials/MaterialLayers/ML_Screen.uasset" 67
"D:/GameJam/Ghosties/RewindGunfight/Content/FirstPerson/FPWeapon/Materials/MaterialLayers/ML_Plastic_Shiny_Beige.uasset" 68
"D:/GameJam/Ghosties/RewindGunfight/Content/FirstPerson/FPWeapon/Materials/MaterialLayers/T_ML_Rubber_Blue_01_N.uasset" 69
"D:/GameJam/Ghosties/RewindGunfight/Content/FirstPerson/FPWeapon/Materials/MaterialLayers/T_ML_Rubber_Blue_01_D.uasset" 70
"D:/GameJam/Ghosties/RewindGunfight/Content/FirstPerson/FPWeapon/Materials/MaterialLayers/ML_GlossyBlack_Latex_UE4.uasset" 71
"../../../Engine/Content/Functions/MaterialLayerFunctions/MatLayerBlend_Simple.uasset" 72
"../../../Engine/Content/Functions/Engine_MaterialFunctions02/Utility/BlendAngleCorrectedNormals.uasset" 73
"../../../Engine/Content/Functions/MaterialLayerFunctions/MatLayerBlend_NormalBlend.uasset" 74
"D:/GameJam/Ghosties/RewindGunfight/Content/FirstPerson/FPWeapon/Materials/M_FPGun.uasset" 75
"D:/GameJam/Ghosties/RewindGunfight/Content/FirstPerson/FPWeapon/Mesh/SK_FPGun.uasset" 76
"D:/GameJam/Ghosties/RewindGunfight/Content/FirstPerson/Audio/FirstPersonTemplateWeaponFire02.uasset" 77
"D:/GameJam/Ghosties/RewindGunfight/Content/FirstPersonBP/Blueprints/Enemy/BP_Enemy.uasset" 78
"D:/GameJam/Ghosties/RewindGunfight/Content/Assets/Materials/PlayerBullet.uasset" 79
"D:/GameJam/Ghosties/RewindGunfight/Content/FirstPersonBP/Blueprints/FirstPersonProjectile.uasset" 80
"D:/GameJam/Ghosties/RewindGunfight/Content/FirstPersonBP/crossbow_Skeleton.uasset" 81
"D:/GameJam/Ghosties/RewindGunfight/Content/FirstPersonBP/crossbow_PhysicsAsset.uasset" 82
"D:/GameJam/Ghosties/RewindGunfight/Content/FirstPersonBP/crossbow.uasset" 83
"D:/GameJam/Ghosties/RewindGunfight/Content/FirstPerson/Character/Mesh/SK_Mannequin_Arms_PhysicsAsset.uasset" 84
"D:/GameJam/Ghosties/RewindGunfight/Content/FirstPerson/Character/Textures/UE4_Mannequin_MAT_MASKA.uasset" 85
"D:/GameJam/Ghosties/RewindGunfight/Content/FirstPerson/Character/Materials/MaterialLayers/T_ML_Aluminum01_N.uasset" 86
"D:/GameJam/Ghosties/RewindGunfight/Content/FirstPerson/Character/Materials/MaterialLayers/ML_SoftMetal_UE4.uasset" 87
"D:/GameJam/Ghosties/RewindGunfight/Content/FirstPerson/Character/Materials/MaterialLayers/ML_Plastic_Shiny_Beige_LOGO.uasset" 88
"D:/GameJam/Ghosties/RewindGunfight/Content/FirstPerson/Character/Materials/MaterialLayers/ML_Plastic_Shiny_Beige.uasset" 89
"D:/GameJam/Ghosties/RewindGunfight/Content/FirstPerson/Character/Materials/MaterialLayers/T_ML_Rubber_Blue_01_N.uasset" 90
"D:/GameJam/Ghosties/RewindGunfight/Content/FirstPerson/Character/Materials/MaterialLayers/T_ML_Rubber_Blue_01_D.uasset" 91
"D:/GameJam/Ghosties/RewindGunfight/Content/FirstPerson/Character/Materials/MaterialLayers/ML_GlossyBlack_Latex_UE4.uasset" 92
"D:/GameJam/Ghosties/RewindGunfight/Content/FirstPerson/Character/Materials/M_UE4Man_Body.uasset" 93
"D:/GameJam/Ghosties/RewindGunfight/Content/FirstPerson/Character/Mesh/SK_Mannequin_Arms.uasset" 94
"D:/GameJam/Ghosties/RewindGunfight/Content/FirstPerson/Animations/FirstPerson_Fire.uasset" 95
"D:/GameJam/Ghosties/RewindGunfight/Content/FirstPerson/Animations/FirstPersonFire_Montage.uasset" 96
"D:/GameJam/Ghosties/RewindGunfight/Content/Audio/PEWWWW.uasset" 97
"D:/GameJam/Ghosties/RewindGunfight/Content/Audio/PewCue.uasset" 98
"D:/GameJam/Ghosties/RewindGunfight/Content/FirstPersonBP/Blueprints/FirstPersonCharacter.uasset" 99
"D:/GameJam/Ghosties/RewindGunfight/Content/FirstPersonBP/Blueprints/TriggerBox_Blueprint.uasset" 100
"D:/GameJam/Ghosties/RewindGunfight/Content/FirstPersonBP/Blueprints/Enemy/EQSTestPawn.uasset" 101
"D:/GameJam/Ghosties/RewindGunfight/Content/FirstPersonBP/Blueprints/Enemy/FirstPersonCharacter_Izabela.uasset" 102
"D:/GameJam/Ghosties/RewindGunfight/Content/FirstPersonBP/Blueprints/Enemy/Focus.uasset" 103
"D:/GameJam/Ghosties/RewindGunfight/Content/FirstPersonBP/Blueprints/Enemy/FPCharacter_FixAttempt.uasset" 104
"D:/GameJam/Ghosties/RewindGunfight/Content/FirstPerson/Textures/FirstPersonCrosshair.uasset" 105
"D:/GameJam/Ghosties/RewindGunfight/Content/FirstPersonBP/Blueprints/FirstPersonHUD.uasset" 106
"D:/GameJam/Ghosties/RewindGunfight/Content/FirstPersonBP/Blueprints/Enemy/FPGameMode_Izabela.uasset" 107
"D:/GameJam/Ghosties/RewindGunfight/Content/FirstPersonBP/Blueprints/Enemy/Shoot.uasset" 108
"D:/GameJam/Ghosties/RewindGunfight/Content/Geometry/Meshes/CubeMaterial.uasset" 109
"D:/GameJam/Ghosties/RewindGunfight/Content/Geometry/Meshes/1M_Cube_Chamfer.uasset" 110
"D:/GameJam/Ghosties/RewindGunfight/Content/Geometry/Meshes/TemplateFloor.uasset" 111
"D:/GameJam/Ghosties/RewindGunfight/Content/UI/Elements/focal_point.uasset" 112
"D:/GameJam/Ghosties/RewindGunfight/Content/UI/Elements/crosshair.uasset" 113
"D:/GameJam/Ghosties/RewindGunfight/Content/UI/Crosshair.uasset" 114
"D:/GameJam/Ghosties/RewindGunfight/Content/UI/Elements/end.uasset" 115
"D:/GameJam/Ghosties/RewindGunfight/Content/UI/End.uasset" 116
"D:/GameJam/Ghosties/RewindGunfight/Content/UI/Elements/c.uasset" 117
"D:/GameJam/Ghosties/RewindGunfight/Content/UI/Elements/pa.uasset" 118
"D:/GameJam/Ghosties/RewindGunfight/Content/UI/Elements/td.uasset" 119
"D:/GameJam/Ghosties/RewindGunfight/Content/UI/Elements/title.uasset" 120
"../../../Engine/Content/Animation/DefaultAnimBoneCompressionSettings.uasset" 121
"../../../Engine/Content/Animation/DefaultAnimCurveCompressionSettings.uasset" 122
"../../../Engine/Content/ArtTools/RenderToTexture/Meshes/S_1_Unit_Plane.uasset" 123
"../../../Engine/Content/BasicShapes/Cone.uasset" 124
"../../../Engine/Content/BasicShapes/Cube.uasset" 125
"../../../Engine/Content/EditorLandscapeResources/DataLayer.uasset" 126
"../../../Engine/Content/EditorLandscapeResources/DefaultAlphaTexture.uasset" 127
"../../../Engine/Content/EditorMaterials/MAT_Groups_Toggle.uasset" 128
"../../../Engine/Content/EditorMaterials/MAT_Groups_Visibility.uasset" 129
"../../../Engine/Content/EditorMaterials/PreviewShadowIndicator.uasset" 130
"../../../Engine/Content/EditorMaterials/PreviewShadowIndicatorMaterial.uasset" 131
"../../../Engine/Content/EditorMaterials/MatineeGroups/MAT_ColorTrack.uasset" 132
"../../../Engine/Content/EditorMaterials/MatineeGroups/MAT_Groups_Anim.uasset" 133
"../../../Engine/Content/EditorMaterials/MatineeGroups/MAT_Groups_AudioMaster.uasset" 134
"../../../Engine/Content/EditorMaterials/MatineeGroups/MAT_Groups_Director.uasset" 135
"../../../Engine/Content/EditorMaterials/MatineeGroups/MAT_Groups_Event.uasset" 136
"../../../Engine/Content/EditorMaterials/MatineeGroups/MAT_Groups_Fade.uasset" 137
"../../../Engine/Content/EditorMaterials/MatineeGroups/MAT_Groups_Float.uasset" 138
"../../../Engine/Content/EditorMaterials/MatineeGroups/MAT_Groups_Move.uasset" 139
"../../../Engine/Content/EditorMaterials/MatineeGroups/MAT_Groups_Slomo.uasset" 140
"../../../Engine/Content/EditorMaterials/MatineeGroups/MAT_Groups_Sound.uasset" 141
"../../../Engine/Content/EditorMaterials/MatineeGroups/MAT_Groups_Vector.uasset" 142
"../../../Engine/Content/EditorMaterials/ParticleSystems/PSysThumbnail_NoImage.uasset" 143
"../../../Engine/Content/EditorMaterials/ParticleSystems/PSysThumbnail_OOD.uasset" 144
"../../../Engine/Content/EditorMaterials/Camera/CineMat.uasset" 145
"../../../Engine/Content/EditorMaterials/Camera/MI_CineMat_Rig.uasset" 146
"../../../Engine/Content/EditorMeshes/Camera/SM_CraneRig_Arm.uasset" 147
"../../../Engine/Content/EditorMeshes/Camera/SM_CraneRig_Base.uasset" 148
"../../../Engine/Content/EditorMeshes/Camera/SM_CraneRig_Body.uasset" 149
"../../../Engine/Content/EditorMeshes/Camera/SM_CraneRig_Mount.uasset" 150
"../../../Engine/Content/EditorMeshes/Camera/SM_RailRig_Mount.uasset" 151
"../../../Engine/Content/EditorMeshes/Camera/SM_RailRig_Track.uasset" 152
"../../../Engine/Content/EditorResources/BSPVertex.uasset" 153
"../../../Engine/Content/EditorResources/EmptyActor.uasset" 154
"../../../Engine/Content/EditorResources/S_Actor.uasset" 155
"../../../Engine/Content/EditorResources/S_Note.uasset" 156
"../../../Engine/Content/EditorResources/S_Solver.uasset" 157
"../../../Engine/Content/EditorResources/S_Terrain.uasset" 158
"../../../Engine/Content/EditorResources/S_Trigger.uasset" 159
"../../../Engine/Content/EditorResources/LightIcons/S_LightError.uasset" 160
"../../../Engine/Content/EditorResources/SequenceRecorder/Countdown.uasset" 161
"../../../Engine/Content/EditorResources/SequenceRecorder/RecordingIndicator.uasset" 162
"../../../Engine/Content/EngineDamageTypes/DmgTypeBP_Environmental.uasset" 163
"../../../Engine/Content/EngineDebugMaterials/DebugEditorMaterial.uasset" 164
"../../../Engine/Content/EngineDebugMaterials/DebugMeshMaterial.uasset" 165
"../../../Engine/Content/EngineDebugMaterials/M_SimpleUnlitTranslucent.uasset" 166
"../../../Engine/Content/EngineDebugMaterials/VolumeToRender.uasset" 167
"../../../Engine/Content/Functions/Engine_MaterialFunctions02/Utility/CameraDirectionVector.uasset" 168
"../../../Engine/Content/EngineDebugMaterials/M_VolumeRenderSphereTracePP.uasset" 169
"../../../Engine/Content/Functions/Engine_MaterialFunctions01/Shading/ConvertFromDiffSpec.uasset" 170
"../../../Engine/Content/EngineDebugMaterials/VertexColorMaterial.uasset" 171
"../../../Engine/Content/EngineDebugMaterials/WireframeMaterial.uasset" 172
"../../../Engine/Content/EngineFonts/Faces/RobotoRegular.uasset" 173
"../../../Engine/Content/EngineFonts/Faces/RobotoLight.uasset" 174
"../../../Engine/Content/EngineFonts/Faces/RobotoItalic.uasset" 175
"../../../Engine/Content/EngineFonts/Faces/RobotoBoldItalic.uasset" 176
"../../../Engine/Content/EngineFonts/Faces/RobotoBold.uasset" 177
"../../../Engine/Content/EngineFonts/Faces/DroidSansFallback.uasset" 178
"../../../Engine/Content/EngineFonts/Roboto.uasset" 179
"../../../Engine/Content/EngineMaterials/BaseFlattenNormalMap.uasset" 180
"../../../Engine/Content/EngineMaterials/BaseFlattenGrayscaleMap.uasset" 181
"../../../Engine/Content/EngineMaterials/BaseFlattenEmissiveMap.uasset" 182
"../../../Engine/Content/EngineMaterials/BaseFlattenDiffuseMap.uasset" 183
"../../../Engine/Content/EngineMaterials/BaseFlattenMaterial.uasset" 184
"../../../Engine/Content/EngineMaterials/BlueNoise.uasset" 185
"../../../Engine/Content/EngineMaterials/DefaultBloomKernel.uasset" 186
"../../../Engine/Content/EngineMaterials/DefaultBokeh.uasset" 187
"../../../Engine/Content/EngineMaterials/DefaultDiffuse.uasset" 188
"../../../Engine/Content/EngineMaterials/DefaultDeferredDecalMaterial.uasset" 189
"../../../Engine/Content/EngineMaterials/DefaultLightFunctionMaterial.uasset" 190
"../../../Engine/Content/EngineMaterials/DefaultPhysicalMaterial.uasset" 191
"../../../Engine/Content/Functions/Engine_MaterialFunctions02/Utility/BreakOutFloat2Components.uasset" 192
"../../../Engine/Content/EngineMaterials/DefaultPostProcessMaterial.uasset" 193
"../../../Engine/Content/EngineFonts/RobotoDistanceField.uasset" 194
"../../../Engine/Content/EngineMaterials/DefaultTextMaterialOpaque.uasset" 195
"../../../Engine/Content/EngineMaterials/DefaultWhiteGrid_Low.uasset" 196
"../../../Engine/Content/EngineMaterials/EmissiveMeshMaterial.uasset" 197
"../../../Engine/Content/EngineMaterials/GizmoMaterial.uasset" 198
"../../../Engine/Content/EngineMaterials/Good64x64TilingNoiseHighFreq.uasset" 199
"../../../Engine/Content/EngineMaterials/MiniFont.uasset" 200
"../../../Engine/Content/EngineMaterials/InvalidLightmapSettings.uasset" 201
"../../../Engine/Content/EngineMaterials/M_InvalidLightmapSettings.uasset" 202
"../../../Engine/Content/Functions/Engine_MaterialFunctions02/WorldPositionOffset/CameraOffset.uasset" 203
"../../../Engine/Content/EngineMaterials/PhAT_JointLimitMaterial.uasset" 204
"../../../Engine/Content/EngineMaterials/PreintegratedSkinBRDF.uasset" 205
"../../../Engine/Content/EngineMaterials/RemoveSurfaceMaterial.uasset" 206
"../../../Engine/Content/EngineMaterials/WeightMapPlaceholderTexture.uasset" 207
"../../../Engine/Content/EngineResources/WhiteSquareTexture.uasset" 208
"../../../Engine/Content/EngineMaterials/Widget3DPassThrough.uasset" 209
"../../../Engine/Content/EngineMaterials/Widget3DPassThrough_Masked.uasset" 210
"../../../Engine/Content/EngineMaterials/Widget3DPassThrough_Opaque.uasset" 211
"../../../Engine/Content/EngineMaterials/Widget3DPassThrough_Masked_OneSided.uasset" 212
"../../../Engine/Content/EngineMaterials/Widget3DPassThrough_Opaque_OneSided.uasset" 213
"../../../Engine/Content/EngineMaterials/Widget3DPassThrough_Translucent.uasset" 214
"../../../Engine/Content/EngineMaterials/Widget3DPassThrough_Translucent_OneSided.uasset" 215
"../../../Engine/Content/EngineMeshes/Cylinder.uasset" 216
"../../../Engine/Content/EngineMeshes/Sphere.uasset" 217
"../../../Engine/Content/EngineResources/Black.uasset" 218
"../../../Engine/Content/EngineResources/DefaultTextureCube.uasset" 219
"../../../Engine/Content/EngineResources/DefaultVolumeTexture2D.uasset" 220
"../../../Engine/Content/EngineResources/DefaultVolumeTexture.uasset" 221
"../../../Engine/Content/EngineResources/GradientTexture0.uasset" 222
"../../../Engine/Content/EngineSky/VolumetricClouds/T_NoiseShape64.uasset" 223
"../../../Engine/Content/EngineSky/VolumetricClouds/T_VolumeNoiseShape64.uasset" 224
"../../../Engine/Content/EngineSky/VolumetricClouds/T_NoiseErosion.uasset" 225
"../../../Engine/Content/EngineSky/VolumetricClouds/T_VolumeNoiseErosion32.uasset" 226
"../../../Engine/Content/EngineSky/VolumetricClouds/CloudWeatherTexture.uasset" 227
"../../../Engine/Content/EngineSky/VolumetricClouds/CloudGradientTexture.uasset" 228
"../../../Engine/Content/Functions/Engine_MaterialFunctions02/Utility/MakeFloat2.uasset" 229
"../../../Engine/Content/EngineSky/VolumetricClouds/m_SimpleVolumetricCloud.uasset" 230
"../../../Engine/Content/EngineSky/VolumetricClouds/m_SimpleVolumetricCloud_Inst.uasset" 231
"../../../Engine/Content/EngineSounds/Master.uasset" 232
"../../../Engine/Content/Functions/Engine_MaterialFunctions01/Shading/PowerToRoughness.uasset" 233
"../../../Engine/Content/Maps/Templates/Thumbnails/Default.uasset" 234
"../../../Engine/Content/Maps/Templates/Thumbnails/TimeOfDay.uasset" 235
"../../../Engine/Content/Maps/Templates/Thumbnails/VR-Basic.uasset" 236
"../../../Engine/Content/MobileResources/T_MobileControls_texture.uasset" 237
"../../../Engine/Content/MobileResources/T_MobileMenu2.uasset" 238
"../../../Engine/Content/MobileResources/HUD/AnalogHat.uasset" 239
"../../../Engine/Content/MobileResources/HUD/VirtualJoystick_Thumb.uasset" 240
"../../../Engine/Content/MobileResources/HUD/VirtualJoystick_Background.uasset" 241
"../../../Engine/Content/MobileResources/HUD/DefaultVirtualJoysticks.uasset" 242
"../../../Engine/Content/MobileResources/HUD/LeftVirtualJoystickOnly.uasset" 243
"../../../Engine/Content/MobileResources/HUD/MobileHUDButton1_off.uasset" 244
"../../../Engine/Content/MobileResources/HUD/MobileHUDButton1_on.uasset" 245
"../../../Engine/Content/MobileResources/HUD/MobileHUDButton2_off.uasset" 246
"../../../Engine/Content/MobileResources/HUD/MobileHUDButton2_on.uasset" 247
"../../../Engine/Content/MobileResources/HUD/MobileHUDButton3.uasset" 248
"../../../Engine/Content/MobileResources/HUD/MobileHUDButtonFire.uasset" 249
"../../../Engine/Content/MobileResources/HUD/MobileHUDDirectionPad.uasset" 250
"../../../Engine/Content/MobileResources/HUD/MobileHUDDirectionPad2.uasset" 251
"../../../Engine/Content/MobileResources/HUD/MobileHUDDirectionPad3.uasset" 252
"../../../Engine/Content/MobileResources/HUD/MobileHUDDirectionStick.uasset" 253
"../../../Engine/Content/MobileResources/HUD/T_Castle_ThumbstickInner.uasset" 254
"../../../Engine/Content/MobileResources/HUD/T_Castle_ThumbstickOutter.uasset" 255
"../../../Engine/Content/Tutorial/ContentIntroCurve.uasset" 256
"../../../Engine/Content/Tutorial/Basics/LevelEditorAttract.uasset" 257
"../../../Engine/Content/Tutorial/Basics/TutorialAssets/icon_tab_Levels_40x.uasset" 258
"../../../Engine/Content/Tutorial/Basics/LevelEditorOverview.uasset" 259
"../../../Engine/Content/Tutorial/BlueprintTutorials/TutorialAssets/Blueprint_64x.uasset" 260
"../../../Engine/Content/Tutorial/BlueprintTutorials/BlueprintEditorTutorial.uasset" 261
"../../../Engine/Content/Tutorial/BlueprintTutorials/TutorialAssets/BlueprintInterface_64x.uasset" 262
"../../../Engine/Content/Tutorial/BlueprintTutorials/BlueprintInterfacesEditorOverview.uasset" 263
"../../../Engine/Content/Tutorial/BlueprintTutorials/TutorialAssets/Tutorial_BP_Interface.uasset" 264
"../../../Engine/Content/Tutorial/InWorldBlueprintEditing/IWBE_Tutorial.uasset" 265
"../../../Engine/Content/Tutorial/InWorldBlueprintEditing/IWBE_Tutorial_Part2.uasset" 266
"../../../Engine/Content/Tutorial/InWorldBlueprintEditing/IWBE_Tutorial_Part3.uasset" 267
"../../../Engine/Content/VREditor/TransformGizmo/TranslucentTransformGizmoMaterial.uasset" 268
"../../../Engine/Content/VREditor/LaserPointer/VR_LaserPower_01.uasset" 269
"../../../Engine/Content/VREditor/TransformGizmo/TransformGizmoMaterial.uasset" 270
"../../../Engine/Content/VREditor/TransformGizmo/BoundingBoxCorner.uasset" 271
"../../../Engine/Content/VREditor/TransformGizmo/BoundingBoxEdge.uasset" 272
"../../../Engine/Content/VREditor/TransformGizmo/PlaneTranslationHandle.uasset" 273
"../../../Engine/Content/VREditor/TransformGizmo/Xray.uasset" 274
"../../../Engine/Content/VREditor/TransformGizmo/Main.uasset" 275
"../../../Engine/Content/VREditor/TransformGizmo/SM_Sequencer_Key.uasset" 276
"../../../Engine/Content/VREditor/TransformGizmo/SM_Sequencer_Node.uasset" 277
"../../Plugins/2D/Paper2D/Content/PlaceholderTextures/DummySpriteTexture.uasset" 278
"../../Plugins/2D/Paper2D/Content/DummySprite.uasset" 279
"../../Plugins/2D/Paper2D/Content/DefaultPaperTerrainMaterial.uasset" 280
"../../Plugins/2D/Paper2D/Content/DefaultSpriteMaterial.uasset" 281
"../../Plugins/2D/Paper2D/Content/MaskedUnlitSpriteMaterial.uasset" 282
"../../Plugins/2D/Paper2D/Content/OpaqueUnlitSpriteMaterial.uasset" 283
"../../../Engine/Content/Functions/Engine_MaterialFunctions02/ObjectLocalBounds.uasset" 284
"../../../Engine/Content/Functions/Engine_MaterialFunctions02/Utility/BreakOutFloat3Components.uasset" 285
"../../Plugins/Editor/SpeedTreeImporter/Content/SpeedTree9/UnpackInteger3.uasset" 286
"../../Plugins/Editor/SpeedTreeImporter/Content/SpeedTree9/UnpackDirection.uasset" 287
"../../Plugins/Editor/SpeedTreeImporter/Content/SpeedTree9/game_wind_noise.uasset" 288
"../../../Engine/Content/Functions/Engine_MaterialFunctions02/SafeNormalize.uasset" 289
"../../Plugins/Editor/SpeedTreeImporter/Content/SpeedTree9/SpeedTreeWindMotion.uasset" 290
"../../Plugins/Editor/SpeedTreeImporter/Content/SpeedTree9/SpeedTreeBranchMotion.uasset" 291
"../../../Engine/Content/Functions/Engine_MaterialFunctions02/UVs/BoundingBoxBased_0-1_UVW.uasset" 292
"../../Plugins/Editor/SpeedTreeImporter/Content/SpeedTree9/SpeedTreeWind.uasset" 293
"../../Plugins/Editor/SpeedTreeImporter/Content/SpeedTree9/SpeedTreeBillboard.uasset" 294
"../../../Engine/Content/EngineResources/DefaultTexture.uasset" 295
"../../Plugins/Editor/SpeedTreeImporter/Content/SpeedTree9/SpeedTreeBillboardMaster.uasset" 296
"../../Plugins/Editor/SpeedTreeImporter/Content/SpeedTree9/SpeedTreeCameraFacing.uasset" 297
"../../Plugins/Editor/SpeedTreeImporter/Content/SpeedTree9/SpeedTreeMaster.uasset" 298
"../../../Engine/Content/ArtTools/RenderToTexture/Materials/Debug/M_Emissive_Color.uasset" 299
"../../../Engine/Content/BasicShapes/Cylinder.uasset" 300
"../../Plugins/Lumin/MagicLeapPassableWorld/Content/MagicLeapARPinInfoActor.uasset" 301
"../../../Engine/Content/Functions/Engine_MaterialFunctions02/Utility/BreakOutFloat4Components.uasset" 302
"../../../Engine/Content/Functions/Engine_MaterialFunctions02/Utility/MakeFloat3.uasset" 303
"../../Plugins/Runtime/Oculus/OculusVR/Content/Materials/OculusMR_ChromaKey.uasset" 304
"../../Plugins/Runtime/Oculus/OculusVR/Content/Materials/OculusMR_OpaqueColoredMaterial.uasset" 305
"../../Plugins/Runtime/Oculus/OculusVR/Content/Materials/PokeAHoleMaterial.uasset" 306
"../../../Engine/Content/EngineSky/T_Sky_Stars.uasset" 307
"../../../Engine/Content/EngineMaterials/DefaultWhiteGrid.uasset" 308
"../../../Engine/Content/EngineMaterials/BlendFunc_DefBlend.uasset" 309
"../../../Engine/Content/EngineMaterials/BlendFunc_DefBase.uasset" 310
"../../../Engine/Content/EngineSky/T_Sky_Clouds_M.uasset" 311
"../../../Engine/Content/EngineSky/T_Sky_Blue.uasset" 312
"../../../Engine/Content/EngineSky/M_Sky_Panning_Clouds2.uasset" 313
"../../../Engine/Content/Functions/Engine_MaterialFunctions03/Procedurals/ComputeFilterWidth.uasset" 314
"../../../Engine/Content/EngineMaterials/AntiAliasedTextMaterialTranslucent.uasset" 315
"../../../Engine/Content/EngineSky/SM_SkySphere.uasset" 316
"../../../Engine/Content/EngineSky/C_Sky_Zenith_Color.uasset" 317
"../../../Engine/Content/EngineSky/C_Sky_Horizon_Color.uasset" 318
"../../../Engine/Content/EngineSky/C_Sky_Cloud_Color.uasset" 319
"../../../Engine/Content/EngineSky/BP_Sky_Sphere.uasset" 320
"D:/GameJam/Ghosties/RewindGunfight/Content/FirstPersonBP/Blueprints/FirstPersonGameMode.uasset" 321
"D:/GameJam/Ghosties/RewindGunfight/Content/Geometry/Meshes/1M_Cube.uasset" 322
"D:/GameJam/Ghosties/RewindGunfight/Content/FirstPersonBP/Maps/arena.umap" 323
"D:/GameJam/Ghosties/RewindGunfight/Content/Assets/Materials/DebugGreen.uasset" 324
"D:/GameJam/Ghosties/RewindGunfight/Content/Assets/Materials/DebugYellow.uasset" 325
"D:/GameJam/Ghosties/RewindGunfight/Content/Assets/Materials/DebugRed.uasset" 326
"D:/GameJam/Ghosties/RewindGunfight/Content/Audio/bubble_release_epic2.uasset" 327
"D:/GameJam/Ghosties/RewindGunfight/Content/Audio/bubble_release.uasset" 328
"D:/GameJam/Ghosties/RewindGunfight/Content/Audio/CountDown1Cue.uasset" 329
"D:/GameJam/Ghosties/RewindGunfight/Content/FirstPersonBP/DividerWall.uasset" 330
"D:/GameJam/Ghosties/RewindGunfight/Content/FirstPerson/Meshes/CubeMaterialOverride.uasset" 331
"D:/GameJam/Ghosties/RewindGunfight/Content/FirstPersonBP/Maps/EnemyPrototypingMap.umap" 332
"D:/GameJam/Ghosties/RewindGunfight/Content/UI/Elements/title_2.uasset" 333
"D:/GameJam/Ghosties/RewindGunfight/Content/UI/Elements/dood_2.uasset" 334
"D:/GameJam/Ghosties/RewindGunfight/Content/UI/Elements/dood_1_2.uasset" 335
"D:/GameJam/Ghosties/RewindGunfight/Content/UI/Elements/dood_1.uasset" 336
"D:/GameJam/Ghosties/RewindGunfight/Content/UI/Menus.uasset" 337
"D:/GameJam/Ghosties/RewindGunfight/Content/FirstPersonBP/Maps/FirstPersonExampleMap_BuiltData.uasset" 338
"D:/GameJam/Ghosties/RewindGunfight/Content/FirstPersonBP/Maps/FirstPersonExampleMap.umap" 339
"../../../Engine/Content/BasicShapes/Plane.uasset" 340
"D:/GameJam/Ghosties/RewindGunfight/Content/Assets/Materials/IMG_0440.uasset" 341
"D:/GameJam/Ghosties/RewindGunfight/Content/Assets/Materials/CelShader_Inst4.uasset" 342
"D:/GameJam/Ghosties/RewindGunfight/Content/Assets/Textures/IMG_0439.uasset" 343
"D:/GameJam/Ghosties/RewindGunfight/Content/Assets/Materials/CelShader_Inst3.uasset" 344
"D:/GameJam/Ghosties/RewindGunfight/Content/Assets/Textures/IMG_0438.uasset" 345
"D:/GameJam/Ghosties/RewindGunfight/Content/Assets/Materials/CelShader_Inst2.uasset" 346
"D:/GameJam/Ghosties/RewindGunfight/Content/Assets/Materials/IMG_0442.uasset" 347
"D:/GameJam/Ghosties/RewindGunfight/Content/Assets/Materials/CelShader_Inst1.uasset" 348
"D:/GameJam/Ghosties/RewindGunfight/Content/Assets/Materials/CelShader_Inst5.uasset" 349
"../../../Engine/Content/MapTemplates/Sky/T_Sky_Stars.uasset" 350
"D:/GameJam/Ghosties/RewindGunfight/Content/Assets/Materials/Position1_Tex5.uasset" 351
"D:/GameJam/Ghosties/RewindGunfight/Content/Assets/Materials/CelShader_stars.uasset" 352
"../../../Engine/Content/EngineVolumetrics/Fogsheet/Materials/T_EV_FogSheet_Falloff_01.uasset" 353
"D:/GameJam/Ghosties/RewindGunfight/Content/Assets/Materials/Position1.uasset" 354
"D:/GameJam/Ghosties/RewindGunfight/Content/Assets/Materials/CelShader_stars_Inst.uasset" 355
"D:/GameJam/Ghosties/RewindGunfight/Content/Assets/Materials/FakeAtmosphere.uasset" 356
"D:/GameJam/Ghosties/RewindGunfight/Content/Assets/Materials/FakeAtmosphere_Inst.uasset" 357
"D:/GameJam/Ghosties/RewindGunfight/Content/Assets/Materials/FakeAtmosphere_Inst1.uasset" 358
"D:/GameJam/Ghosties/RewindGunfight/Content/Assets/Materials/FakeAtmosphere_Inst3.uasset" 359
"D:/GameJam/Ghosties/RewindGunfight/Content/Assets/Materials/FogCard.uasset" 360
"D:/GameJam/Ghosties/RewindGunfight/Content/Assets/Textures/IMG_0423.uasset" 361
"D:/GameJam/Ghosties/RewindGunfight/Content/Assets/Materials/FogCard_Inst.uasset" 362
"D:/GameJam/Ghosties/RewindGunfight/Content/Assets/Textures/IMG_0425.uasset" 363
"D:/GameJam/Ghosties/RewindGunfight/Content/Assets/Materials/FogCard_Inst1.uasset" 364
"D:/GameJam/Ghosties/RewindGunfight/Content/Assets/Textures/IMG_0428.uasset" 365
"D:/GameJam/Ghosties/RewindGunfight/Content/Assets/Materials/FogCard_Inst2.uasset" 366
"D:/GameJam/Ghosties/RewindGunfight/Content/Assets/Materials/Outline_Inst.uasset" 367
"D:/GameJam/Ghosties/RewindGunfight/Content/Assets/Materials/FakeAtmosphere_Inst2.uasset" 368
"D:/GameJam/Ghosties/RewindGunfight/Content/Assets/Meshes/Colosseum/v002/colosseum_for_fracture_pCube28.uasset" 369
"D:/GameJam/Ghosties/RewindGunfight/Content/Assets/Meshes/Colosseum/v002/colosseum_for_fracture_polySurface52.uasset" 370
"D:/GameJam/Ghosties/RewindGunfight/Content/Assets/Meshes/Colosseum/v002/colosseum_for_fracture_polySurface53.uasset" 371
"D:/GameJam/Ghosties/RewindGunfight/Content/Assets/Meshes/Colosseum/v002/colosseum_for_fracture_polySurface54.uasset" 372
"D:/GameJam/Ghosties/RewindGunfight/Content/Assets/Meshes/Colosseum/v002/colosseum_for_fracture_polySurface55.uasset" 373
"D:/GameJam/Ghosties/RewindGunfight/Content/Assets/Meshes/Colosseum/v002/colosseum_for_fracture_polySurface56.uasset" 374
"D:/GameJam/Ghosties/RewindGunfight/Content/Assets/Meshes/Colosseum/v002/colosseum_for_fracture_polySurface57.uasset" 375
"D:/GameJam/Ghosties/RewindGunfight/Content/Assets/Meshes/Colosseum/v002/colosseum_for_fracture_pPlane1.uasset" 376
"D:/GameJam/Ghosties/RewindGunfight/Content/Assets/Meshes/Colosseum/v002/colosseum_for_fracture_pTorus1.uasset" 377
"D:/GameJam/Ghosties/RewindGunfight/Content/Assets/Meshes/Colosseum/v002/colosseum_for_fracture_pTorus2.uasset" 378
"D:/GameJam/Ghosties/RewindGunfight/Content/Assets/Meshes/Colosseum/v002/colosseum_for_fracture_pTorus3.uasset" 379
"D:/GameJam/Ghosties/RewindGunfight/Content/FirstPersonBP/Maps/Lighting.umap" 380
"D:/GameJam/Ghosties/RewindGunfight/Content/FirstPersonBP/Blueprints/MenuMouse.uasset" 381
"D:/GameJam/Ghosties/RewindGunfight/Content/FirstPersonBP/Blueprints/MenuGM.uasset" 382
"D:/GameJam/Ghosties/RewindGunfight/Content/FirstPersonBP/Maps/MenuLevel.umap" 383
"../../../Engine/Content/Maps/Entry_BuiltData.uasset" 384
"../../../Engine/Content/Maps/Entry.umap" 385
